<?xml version="1.0" encoding="UTF-8" standalone="no"?>
<!DOCTYPE log SYSTEM "logger.dtd">
<log>
<record>
  <date>2013-03-10T15:38:08</date>
  <millis>1362938888345</millis>
  <sequence>0</sequence>
  <logger>org.eclipse.jetty.server.Server</logger>
  <level>INFO</level>
  <class>org.eclipse.jetty.util.log.JavaUtilLog</class>
  <method>info</method>
  <thread>1</thread>
  <message>jetty-8.1.9.v20130131</message>
</record>
<record>
  <date>2013-03-10T15:38:08</date>
  <millis>1362938888552</millis>
  <sequence>1</sequence>
  <logger>org.eclipse.jetty.webapp.StandardDescriptorProcessor</logger>
  <level>INFO</level>
  <class>org.eclipse.jetty.util.log.JavaUtilLog</class>
  <method>info</method>
  <thread>1</thread>
  <message>NO JSP Support for /demo, did not find org.apache.jasper.servlet.JspServlet</message>
</record>
<record>
  <date>2013-03-10T15:38:08</date>
  <millis>1362938888662</millis>
  <sequence>2</sequence>
  <logger>org.eclipse.jetty.server.AbstractConnector</logger>
  <level>INFO</level>
  <class>org.eclipse.jetty.util.log.JavaUtilLog</class>
  <method>info</method>
  <thread>1</thread>
  <message>Started SelectChannelConnector@0.0.0.0:8000</message>
</record>
</log>
