<?xml version="1.0" encoding="UTF-8" standalone="no"?>
<!DOCTYPE log SYSTEM "logger.dtd">
<log>
<record>
  <date>2013-04-16T11:34:02</date>
  <millis>1366121042715</millis>
  <sequence>0</sequence>
  <logger>org.eclipse.jetty.server.Server</logger>
  <level>INFO</level>
  <class>org.eclipse.jetty.util.log.JavaUtilLog</class>
  <method>info</method>
  <thread>10</thread>
  <message>jetty-8.1.9.v20130131</message>
</record>
<record>
  <date>2013-04-16T11:34:03</date>
  <millis>1366121043081</millis>
  <sequence>1</sequence>
  <logger>org.eclipse.jetty.webapp.StandardDescriptorProcessor</logger>
  <level>INFO</level>
  <class>org.eclipse.jetty.util.log.JavaUtilLog</class>
  <method>info</method>
  <thread>10</thread>
  <message>NO JSP Support for /ProjectA, did not find org.apache.jasper.servlet.JspServlet</message>
</record>
<record>
  <date>2013-04-16T11:34:03</date>
  <millis>1366121043386</millis>
  <sequence>2</sequence>
  <logger>org.eclipse.jetty.server.AbstractConnector</logger>
  <level>INFO</level>
  <class>org.eclipse.jetty.util.log.JavaUtilLog</class>
  <method>info</method>
  <thread>10</thread>
  <message>Started SelectChannelConnector@0.0.0.0:8000</message>
</record>
</log>
